Build started 10-12-2013 00:00:03.
     1>Project "E:\c++ ws\Winsock_Server\Winsock_Server\Winsock_Server.vcxproj" on node 2 (rebuild target(s)).
     1>_PrepareForClean:
         Deleting file "Release\Winsock_Server.lastbuildstate".
       InitializeBuildStatus:
         Creating "Release\Winsock_Server.unsuccessfulbuild" because "AlwaysCreate" was specified.
       ClCompile:
         D:\Program Files (x86)\Microsoft Visual Studio 10.0\VC\bin\CL.exe /c /Zi /nologo /W3 /WX- /O2 /Oi /Oy- /GL /D _MBCS /Gm- /EHsc /MD /GS /Gy /fp:precise /Zc:wchar_t /Zc:forScope /Fo"Release\\" /Fd"Release\vc100.pdb" /Gd /TP /analyze- /errorReport:prompt Server.cpp
         Server.cpp
       Link:
         D:\Program Files (x86)\Microsoft Visual Studio 10.0\VC\bin\link.exe /ERRORREPORT:PROMPT /OUT:"E:\c++ ws\Winsock_Server\Release\Winsock_Server.exe" /NOLOGO kernel32.lib user32.lib gdi32.lib winspool.lib comdlg32.lib advapi32.lib shell32.lib ole32.lib oleaut32.lib uuid.lib odbc32.lib odbccp32.lib /MANIFEST /ManifestFile:"Release\Winsock_Server.exe.intermediate.manifest" /MANIFESTUAC:"level='asInvoker' uiAccess='false'" /DEBUG /PDB:"E:\c++ ws\Winsock_Server\Release\Winsock_Server.pdb" /OPT:REF /OPT:ICF /LTCG /TLBID:1 /DYNAMICBASE /NXCOMPAT /IMPLIB:"E:\c++ ws\Winsock_Server\Release\Winsock_Server.lib" /MACHINE:X86 Release\Server.obj
         Generating code
         Finished generating code
         Winsock_Server.vcxproj -> E:\c++ ws\Winsock_Server\Release\Winsock_Server.exe
       Manifest:
         D:\Program Files (x86)\Microsoft SDKs\Windows\v7.0A\bin\mt.exe /nologo /verbose /outputresource:"E:\c++ ws\Winsock_Server\Release\Winsock_Server.exe;#1" /manifest Release\Winsock_Server.exe.intermediate.manifest
       FinalizeBuildStatus:
         Deleting file "Release\Winsock_Server.unsuccessfulbuild".
         Touching "Release\Winsock_Server.lastbuildstate".
     1>Done Building Project "E:\c++ ws\Winsock_Server\Winsock_Server\Winsock_Server.vcxproj" (rebuild target(s)).

Build succeeded.

Time Elapsed 00:00:02.06
