Build started 10-12-2013 00:13:38.
     1>Project "E:\c++ ws\Winsock_Client\Winsock_Client\Winsock_Client.vcxproj" on node 2 (rebuild target(s)).
     1>_PrepareForClean:
         Deleting file "Debug\Winsock_Client.lastbuildstate".
       InitializeBuildStatus:
         Creating "Debug\Winsock_Client.unsuccessfulbuild" because "AlwaysCreate" was specified.
       ClCompile:
         D:\Program Files (x86)\Microsoft Visual Studio 10.0\VC\bin\CL.exe /c /Iws2_32.lib /ZI /nologo /W3 /WX- /Od /Oy- /D _MBCS /Gm /EHsc /RTC1 /MDd /GS /fp:precise /Zc:wchar_t /Zc:forScope /Fo"Debug\\" /Fd"Debug\vc100.pdb" /Gd /TP /analyze- /errorReport:prompt Client.cpp
         Client.cpp
       Link:
         D:\Program Files (x86)\Microsoft Visual Studio 10.0\VC\bin\link.exe /ERRORREPORT:PROMPT /OUT:"E:\c++ ws\Winsock_Client\Debug\Winsock_Client.exe" /NOLOGO kernel32.lib user32.lib gdi32.lib winspool.lib comdlg32.lib advapi32.lib shell32.lib ole32.lib oleaut32.lib uuid.lib odbc32.lib odbccp32.lib /MANIFEST /ManifestFile:"Debug\Winsock_Client.exe.intermediate.manifest" /MANIFESTUAC:"level='asInvoker' uiAccess='false'" /DEBUG /PDB:"E:\c++ ws\Winsock_Client\Debug\Winsock_Client.pdb" /TLBID:1 /DYNAMICBASE /NXCOMPAT /IMPLIB:"E:\c++ ws\Winsock_Client\Debug\Winsock_Client.lib" /MACHINE:X86 Debug\Client.obj
         Winsock_Client.vcxproj -> E:\c++ ws\Winsock_Client\Debug\Winsock_Client.exe
       Manifest:
         D:\Program Files (x86)\Microsoft SDKs\Windows\v7.0A\bin\mt.exe /nologo /verbose /outputresource:"E:\c++ ws\Winsock_Client\Debug\Winsock_Client.exe;#1" /manifest Debug\Winsock_Client.exe.intermediate.manifest
       FinalizeBuildStatus:
         Deleting file "Debug\Winsock_Client.unsuccessfulbuild".
         Touching "Debug\Winsock_Client.lastbuildstate".
     1>Done Building Project "E:\c++ ws\Winsock_Client\Winsock_Client\Winsock_Client.vcxproj" (rebuild target(s)).

Build succeeded.

Time Elapsed 00:00:02.15
